\BOOKMARK [1][-]{section.1}{\376\377\000I\000n\000t\000r\000o\000d\000u\000c\000t\000i\000o\000n}{}% 1
\BOOKMARK [2][-]{subsection.1.1}{\376\377\000P\000r\000o\000b\000l\000e\000m\000\040\000S\000t\000a\000t\000e\000m\000e\000n\000t}{section.1}% 2
\BOOKMARK [2][-]{subsection.1.2}{\376\377\000M\000o\000t\000i\000v\000a\000t\000i\000o\000n\000:\000\040\000W\000h\000y\000\040\000L\000L\000M\000s\000\040\000F\000a\000i\000l}{section.1}% 3
\BOOKMARK [2][-]{subsection.1.3}{\376\377\000C\000o\000n\000t\000r\000i\000b\000u\000t\000i\000o\000n\000s}{section.1}% 4
\BOOKMARK [1][-]{section.2}{\376\377\000R\000e\000l\000a\000t\000e\000d\000\040\000W\000o\000r\000k}{}% 5
\BOOKMARK [2][-]{subsection.2.1}{\376\377\000N\000e\000u\000r\000o\000-\000S\000y\000m\000b\000o\000l\000i\000c\000\040\000A\000I}{section.2}% 6
\BOOKMARK [2][-]{subsection.2.2}{\376\377\000C\000o\000n\000s\000t\000r\000a\000i\000n\000t\000\040\000S\000a\000t\000i\000s\000f\000a\000c\000t\000i\000o\000n\000\040\000S\000o\000l\000v\000e\000r\000s}{section.2}% 7
\BOOKMARK [2][-]{subsection.2.3}{\376\377\000L\000L\000M\000s\000\040\000f\000o\000r\000\040\000M\000a\000t\000h\000e\000m\000a\000t\000i\000c\000a\000l\000\040\000R\000e\000a\000s\000o\000n\000i\000n\000g}{section.2}% 8
\BOOKMARK [2][-]{subsection.2.4}{\376\377\000P\000u\000z\000z\000l\000e\000\040\000R\000e\000c\000o\000g\000n\000i\000t\000i\000o\000n\000\040\000a\000n\000d\000\040\000S\000o\000l\000v\000i\000n\000g}{section.2}% 9
\BOOKMARK [1][-]{section.3}{\376\377\000M\000e\000t\000h\000o\000d\000o\000l\000o\000g\000y}{}% 10
\BOOKMARK [2][-]{subsection.3.1}{\376\377\000S\000y\000s\000t\000e\000m\000\040\000A\000r\000c\000h\000i\000t\000e\000c\000t\000u\000r\000e}{section.3}% 11
\BOOKMARK [3][-]{subsubsection.3.1.1}{\376\377\000S\000t\000a\000g\000e\000\040\0001\000:\000\040\000G\000r\000i\000d\000\040\000S\000i\000z\000e\000\040\000D\000e\000t\000e\000c\000t\000i\000o\000n}{subsection.3.1}% 12
\BOOKMARK [3][-]{subsubsection.3.1.2}{\376\377\000S\000t\000a\000g\000e\000\040\0002\000:\000\040\000S\000t\000r\000u\000c\000t\000u\000r\000e\000\040\000E\000x\000t\000r\000a\000c\000t\000i\000o\000n\000\040\000\050\000O\000p\000e\000n\000C\000V\000\051}{subsection.3.1}% 13
\BOOKMARK [3][-]{subsubsection.3.1.3}{\376\377\000S\000t\000a\000g\000e\000\040\0003\000:\000\040\000C\000h\000a\000r\000a\000c\000t\000e\000r\000\040\000R\000e\000c\000o\000g\000n\000i\000t\000i\000o\000n}{subsection.3.1}% 14
\BOOKMARK [3][-]{subsubsection.3.1.4}{\376\377\000S\000t\000a\000g\000e\000\040\0004\000:\000\040\000C\000o\000n\000s\000t\000r\000a\000i\000n\000t\000\040\000S\000o\000l\000v\000i\000n\000g}{subsection.3.1}% 15
\BOOKMARK [2][-]{subsection.3.2}{\376\377\000N\000e\000u\000r\000a\000l\000\040\000N\000e\000t\000w\000o\000r\000k\000\040\000A\000r\000c\000h\000i\000t\000e\000c\000t\000u\000r\000e\000s}{section.3}% 16
\BOOKMARK [3][-]{subsubsection.3.2.1}{\376\377\000T\000r\000a\000i\000n\000i\000n\000g\000\040\000D\000a\000t\000a}{subsection.3.2}% 17
\BOOKMARK [2][-]{subsection.3.3}{\376\377\000Z\0003\000\040\000C\000o\000n\000s\000t\000r\000a\000i\000n\000t\000\040\000F\000o\000r\000m\000u\000l\000a\000t\000i\000o\000n}{section.3}% 18
\BOOKMARK [3][-]{subsubsection.3.3.1}{\376\377\000K\000e\000n\000K\000e\000n\000\040\000C\000o\000n\000s\000t\000r\000a\000i\000n\000t\000s}{subsection.3.3}% 19
\BOOKMARK [3][-]{subsubsection.3.3.2}{\376\377\000S\000u\000d\000o\000k\000u\000\040\000C\000o\000n\000s\000t\000r\000a\000i\000n\000t\000s}{subsection.3.3}% 20
\BOOKMARK [3][-]{subsubsection.3.3.3}{\376\377\000S\000o\000l\000v\000e\000r\000\040\000O\000p\000t\000i\000m\000i\000z\000a\000t\000i\000o\000n\000s}{subsection.3.3}% 21
\BOOKMARK [1][-]{section.4}{\376\377\000E\000x\000p\000e\000r\000i\000m\000e\000n\000t\000s}{}% 22
\BOOKMARK [2][-]{subsection.4.1}{\376\377\000P\000u\000z\000z\000l\000e\000\040\000D\000a\000t\000a\000s\000e\000t\000s}{section.4}% 23
\BOOKMARK [2][-]{subsection.4.2}{\376\377\000P\000r\000i\000n\000t\000e\000d\000\040\000P\000u\000z\000z\000l\000e\000\040\000E\000v\000a\000l\000u\000a\000t\000i\000o\000n}{section.4}% 24
\BOOKMARK [3][-]{subsubsection.4.2.1}{\376\377\000K\000e\000n\000K\000e\000n\000\040\000R\000e\000s\000u\000l\000t\000s}{subsection.4.2}% 25
\BOOKMARK [3][-]{subsubsection.4.2.2}{\376\377\000S\000u\000d\000o\000k\000u\000\040\000R\000e\000s\000u\000l\000t\000s}{subsection.4.2}% 26
\BOOKMARK [2][-]{subsection.4.3}{\376\377\000H\000a\000n\000d\000w\000r\000i\000t\000t\000e\000n\000\040\000D\000i\000g\000i\000t\000\040\000R\000e\000c\000o\000g\000n\000i\000t\000i\000o\000n}{section.4}% 27
\BOOKMARK [3][-]{subsubsection.4.3.1}{\376\377\000D\000a\000t\000a\000s\000e\000t\000\040\000C\000o\000n\000f\000i\000g\000u\000r\000a\000t\000i\000o\000n\000s}{subsection.4.3}% 28
\BOOKMARK [3][-]{subsubsection.4.3.2}{\376\377\000R\000e\000c\000o\000g\000n\000i\000t\000i\000o\000n\000\040\000a\000n\000d\000\040\000S\000o\000l\000v\000e\000\040\000R\000a\000t\000e\000s}{subsection.4.3}% 29
\BOOKMARK [2][-]{subsection.4.4}{\376\377\000E\000r\000r\000o\000r\000\040\000D\000e\000t\000e\000c\000t\000i\000o\000n\000\040\000a\000n\000d\000\040\000C\000o\000r\000r\000e\000c\000t\000i\000o\000n}{section.4}% 30
\BOOKMARK [3][-]{subsubsection.4.4.1}{\376\377\000M\000e\000t\000h\000o\000d\000\040\0001\000:\000\040\000C\000o\000n\000f\000i\000d\000e\000n\000c\000e\000-\000B\000a\000s\000e\000d\000\040\000C\000o\000r\000r\000e\000c\000t\000i\000o\000n}{subsection.4.4}% 31
\BOOKMARK [3][-]{subsubsection.4.4.2}{\376\377\000M\000e\000t\000h\000o\000d\000\040\0002\000:\000\040\000C\000o\000n\000s\000t\000r\000a\000i\000n\000t\000-\000B\000a\000s\000e\000d\000\040\000C\000o\000r\000r\000e\000c\000t\000i\000o\000n\000\040\000\050\000U\000n\000s\000a\000t\000\040\000C\000o\000r\000e\000\051}{subsection.4.4}% 32
\BOOKMARK [3][-]{subsubsection.4.4.3}{\376\377\000M\000e\000t\000h\000o\000d\000\040\0003\000:\000\040\000T\000o\000p\000-\000K\000\040\000P\000r\000e\000d\000i\000c\000t\000i\000o\000n}{subsection.4.4}% 33
\BOOKMARK [3][-]{subsubsection.4.4.4}{\376\377\000E\000r\000r\000o\000r\000\040\000C\000o\000r\000r\000e\000c\000t\000i\000o\000n\000\040\000C\000o\000m\000p\000a\000r\000i\000s\000o\000n}{subsection.4.4}% 34
\BOOKMARK [2][-]{subsection.4.5}{\376\377\000D\000i\000g\000i\000t\000s\000-\000O\000n\000l\000y\000\040\000E\000x\000p\000e\000r\000i\000m\000e\000n\000t}{section.4}% 35
\BOOKMARK [3][-]{subsubsection.4.5.1}{\376\377\000D\000o\000m\000a\000i\000n\000\040\000C\000o\000n\000s\000t\000r\000a\000i\000n\000t\000\040\000E\000n\000f\000o\000r\000c\000e\000m\000e\000n\000t}{subsection.4.5}% 36
\BOOKMARK [2][-]{subsection.4.6}{\376\377\000U\000p\000p\000e\000r\000\040\000B\000o\000u\000n\000d\000\040\000A\000n\000a\000l\000y\000s\000i\000s\000\040\000\050\0001\0000\0000\000-\0000\000\040\000S\000p\000l\000i\000t\000\051}{section.4}% 37
\BOOKMARK [1][-]{section.5}{\376\377\000L\000L\000M\000\040\000B\000e\000n\000c\000h\000m\000a\000r\000k\000\040\000C\000o\000m\000p\000a\000r\000i\000s\000o\000n}{}% 38
\BOOKMARK [2][-]{subsection.5.1}{\376\377\000M\000e\000t\000h\000o\000d\000o\000l\000o\000g\000y}{section.5}% 39
\BOOKMARK [3][-]{subsubsection.5.1.1}{\376\377\000P\000r\000o\000m\000p\000t\000\040\000D\000e\000s\000i\000g\000n}{subsection.5.1}% 40
\BOOKMARK [3][-]{subsubsection.5.1.2}{\376\377\000V\000a\000l\000i\000d\000a\000t\000i\000o\000n}{subsection.5.1}% 41
\BOOKMARK [2][-]{subsection.5.2}{\376\377\000R\000e\000s\000u\000l\000t\000s}{section.5}% 42
\BOOKMARK [2][-]{subsection.5.3}{\376\377\000R\000e\000s\000p\000o\000n\000s\000e\000\040\000T\000i\000m\000e\000\040\000A\000n\000a\000l\000y\000s\000i\000s}{section.5}% 43
\BOOKMARK [2][-]{subsection.5.4}{\376\377\000F\000a\000i\000l\000u\000r\000e\000\040\000M\000o\000d\000e\000\040\000A\000n\000a\000l\000y\000s\000i\000s}{section.5}% 44
\BOOKMARK [1][-]{section.6}{\376\377\000A\000n\000a\000l\000y\000s\000i\000s\000\040\000a\000n\000d\000\040\000D\000i\000s\000c\000u\000s\000s\000i\000o\000n}{}% 45
\BOOKMARK [2][-]{subsection.6.1}{\376\377\000W\000h\000y\000\040\000L\000L\000M\000s\000\040\000F\000a\000i\000l\000\040\000a\000t\000\040\000C\000o\000n\000s\000t\000r\000a\000i\000n\000t\000\040\000S\000a\000t\000i\000s\000f\000a\000c\000t\000i\000o\000n}{section.6}% 46
\BOOKMARK [2][-]{subsection.6.2}{\376\377\000D\000i\000v\000i\000s\000i\000o\000n\000\040\000o\000f\000\040\000L\000a\000b\000o\000r\000\040\000i\000n\000\040\000N\000e\000u\000r\000o\000-\000S\000y\000m\000b\000o\000l\000i\000c\000\040\000S\000y\000s\000t\000e\000m\000s}{section.6}% 47
\BOOKMARK [2][-]{subsection.6.3}{\376\377\000H\000a\000n\000d\000w\000r\000i\000t\000t\000e\000n\000\040\000R\000e\000c\000o\000g\000n\000i\000t\000i\000o\000n\000\040\000E\000r\000r\000o\000r\000\040\000A\000n\000a\000l\000y\000s\000i\000s}{section.6}% 48
\BOOKMARK [2][-]{subsection.6.4}{\376\377\000S\000c\000a\000l\000a\000b\000i\000l\000i\000t\000y\000\040\000O\000b\000s\000e\000r\000v\000a\000t\000i\000o\000n\000s}{section.6}% 49
\BOOKMARK [1][-]{section.7}{\376\377\000C\000o\000n\000c\000l\000u\000s\000i\000o\000n}{}% 50
\BOOKMARK [2][-]{subsection.7.1}{\376\377\000K\000e\000y\000\040\000F\000i\000n\000d\000i\000n\000g\000s}{section.7}% 51
\BOOKMARK [2][-]{subsection.7.2}{\376\377\000I\000m\000p\000l\000i\000c\000a\000t\000i\000o\000n\000s\000\040\000f\000o\000r\000\040\000N\000e\000u\000r\000o\000-\000S\000y\000m\000b\000o\000l\000i\000c\000\040\000A\000I}{section.7}% 52
\BOOKMARK [2][-]{subsection.7.3}{\376\377\000L\000i\000m\000i\000t\000a\000t\000i\000o\000n\000s}{section.7}% 53
\BOOKMARK [2][-]{subsection.7.4}{\376\377\000F\000u\000t\000u\000r\000e\000\040\000W\000o\000r\000k}{section.7}% 54
\BOOKMARK [1][-]{appendix.A}{\376\377\000D\000e\000t\000a\000i\000l\000e\000d\000\040\000C\000N\000N\000\040\000A\000r\000c\000h\000i\000t\000e\000c\000t\000u\000r\000e\000s}{}% 55
\BOOKMARK [2][-]{subsection.A.1}{\376\377\000G\000r\000i\000d\000\040\000D\000e\000t\000e\000c\000t\000i\000o\000n\000\040\000C\000N\000N\000\040\000\050\000P\000y\000T\000o\000r\000c\000h\000\051}{appendix.A}% 56
\BOOKMARK [2][-]{subsection.A.2}{\376\377\000C\000h\000a\000r\000a\000c\000t\000e\000r\000\040\000R\000e\000c\000o\000g\000n\000i\000t\000i\000o\000n\000\040\000C\000N\000N\000\040\000\050\000P\000y\000T\000o\000r\000c\000h\000\051}{appendix.A}% 57
\BOOKMARK [1][-]{appendix.B}{\376\377\000Z\0003\000\040\000C\000o\000n\000s\000t\000r\000a\000i\000n\000t\000\040\000P\000s\000e\000u\000d\000o\000c\000o\000d\000e}{}% 58
\BOOKMARK [1][-]{appendix.C}{\376\377\000C\000o\000m\000p\000l\000e\000t\000e\000\040\000E\000x\000p\000e\000r\000i\000m\000e\000n\000t\000a\000l\000\040\000R\000e\000s\000u\000l\000t\000s}{}% 59
